<?xml version="1.0" encoding="UTF-8"?>
<testng-results skipped="0" failed="0" ignored="0" total="1" passed="1">
  <reporter-output>
  </reporter-output>
  <suite name="Default suite" duration-ms="9036" started-at="2022-08-04T16:30:12Z" finished-at="2022-08-04T16:30:21Z">
    <groups>
    </groups>
    <test name="Default test" duration-ms="9036" started-at="2022-08-04T16:30:12Z" finished-at="2022-08-04T16:30:21Z">
      <class name="com.handson.Uploading">
        <test-method status="PASS" signature="driverInit()[pri:0, instance:com.handson.Uploading@47542153]" name="driverInit" is-config="true" duration-ms="1858" started-at="2022-08-04T22:00:12Z" finished-at="2022-08-04T22:00:14Z">
          <reporter-output>
          </reporter-output>
        </test-method> <!-- driverInit -->
        <test-method status="PASS" signature="uploadAFile()[pri:0, instance:com.handson.Uploading@47542153]" name="uploadAFile" duration-ms="5695" started-at="2022-08-04T22:00:14Z" finished-at="2022-08-04T22:00:20Z">
          <reporter-output>
          </reporter-output>
        </test-method> <!-- uploadAFile -->
        <test-method status="PASS" signature="screenShotResult()[pri:0, instance:com.handson.Uploading@47542153]" name="screenShotResult" is-config="true" duration-ms="1455" started-at="2022-08-04T22:00:20Z" finished-at="2022-08-04T22:00:21Z">
          <reporter-output>
          </reporter-output>
        </test-method> <!-- screenShotResult -->
        <test-method status="PASS" signature="closeBrowser()[pri:0, instance:com.handson.Uploading@47542153]" name="closeBrowser" is-config="true" duration-ms="723" started-at="2022-08-04T22:00:21Z" finished-at="2022-08-04T22:00:22Z">
          <reporter-output>
          </reporter-output>
        </test-method> <!-- closeBrowser -->
      </class> <!-- com.handson.Uploading -->
    </test> <!-- Default test -->
  </suite> <!-- Default suite -->
</testng-results>
